+ Sun Jan 16 17:07:11 EST 2022 job bhl_embed_gpu started in lTgpu.q with jobID=2128265 on compute-79-02
+ NSLOTS = 1
Model loaded in 5.766614792868495 s
Took 274.0575188640505 s to load 319583 into a list
Running on 1000 images
1000 embeddings created in 33.68676215223968 s
Embeddings pickled in 0.014843881130218506 s
= Sun Jan 16 17:12:38 EST 2022 job bhl_embed_gpu done
+ Sun Jan 16 17:19:25 EST 2022 job bhl_embed_gpu started in lTgpu.q with jobID=2128798 on compute-79-01
+ NSLOTS = 1
+ Sun Jan 16 17:46:10 EST 2022 job bhl_embed_gpu started in lTgpu.q with jobID=2128914 on compute-79-02
+ NSLOTS = 1
+ Sun Jan 16 19:40:55 EST 2022 job bhl_embed_gpu started in lTgpu.q with jobID=2129829 on compute-79-02
+ NSLOTS = 1
Traceback (most recent call last):
  File "bhl_clip_embed.py", line 39, in <module>
    torch.set_num_threads(int(args.threads))
NameError: name 'torch' is not defined
= Sun Jan 16 19:41:01 EST 2022 job bhl_embed_gpu done
+ Sun Jan 16 19:41:55 EST 2022 job bhl_embed_gpu started in lTgpu.q with jobID=2129830 on compute-79-02
+ NSLOTS = 1
Model loaded in 2.305325001478195 s
Took 125.10741981863976 s to load 319583 into a list
0 10000
10000 images loaded in 32.55845936574042 s
10000 embeddings created in 68.56009706482291 s
10000 20000
10000 images loaded in 32.15869797952473 s
10000 embeddings created in 67.11462802439928 s
20000 30000
10000 images loaded in 31.44890527613461 s
10000 embeddings created in 64.40251556038857 s
30000 40000
10000 images loaded in 30.740378802642226 s
10000 embeddings created in 63.28151749819517 s
40000 50000
10000 images loaded in 64.21258153952658 s
10000 embeddings created in 64.6756112743169 s
50000 60000
10000 images loaded in 155.30725325457752 s
10000 embeddings created in 64.59429989941418 s
60000 70000
10000 images loaded in 160.33820848912 s
10000 embeddings created in 63.97352127172053 s
70000 80000
10000 images loaded in 161.53784340247512 s
10000 embeddings created in 63.16479276120663 s
80000 90000
10000 images loaded in 134.254125026986 s
10000 embeddings created in 63.67146096751094 s
90000 100000
10000 images loaded in 152.66887274198234 s
10000 embeddings created in 63.48863668367267 s
100000 110000
10000 images loaded in 165.3012995067984 s
10000 embeddings created in 64.06048572435975 s
110000 120000
10000 images loaded in 142.4281924907118 s
10000 embeddings created in 63.66168814338744 s
120000 130000
10000 images loaded in 156.7998614385724 s
10000 embeddings created in 63.8134334217757 s
130000 140000
10000 images loaded in 138.03163941204548 s
10000 embeddings created in 64.15294150449336 s
140000 150000
10000 images loaded in 157.67155434936285 s
10000 embeddings created in 63.23089009709656 s
150000 160000
10000 images loaded in 164.7152239009738 s
10000 embeddings created in 63.267082557082176 s
160000 170000
10000 images loaded in 144.48221551440656 s
10000 embeddings created in 64.13180452212691 s
170000 180000
10000 images loaded in 146.07444604858756 s
10000 embeddings created in 64.04099057242274 s
180000 190000
10000 images loaded in 163.90192422270775 s
10000 embeddings created in 62.6629346255213 s
190000 200000
10000 images loaded in 145.8742018956691 s
10000 embeddings created in 62.982654608786106 s
200000 210000
10000 images loaded in 173.4256256762892 s
10000 embeddings created in 64.82119171507657 s
210000 220000
10000 images loaded in 156.04610719531775 s
10000 embeddings created in 60.926924768835306 s
220000 230000
10000 images loaded in 148.29535884410143 s
10000 embeddings created in 62.015148133039474 s
230000 240000
10000 images loaded in 170.52648589760065 s
10000 embeddings created in 60.41333771310747 s
240000 250000
10000 images loaded in 146.05822486057878 s
10000 embeddings created in 60.28061480075121 s
250000 260000
10000 images loaded in 158.4165921267122 s
10000 embeddings created in 60.68610374443233 s
260000 270000
10000 images loaded in 156.77688708901405 s
10000 embeddings created in 61.38461726158857 s
270000 280000
10000 images loaded in 166.5241585392505 s
10000 embeddings created in 60.865822263062 s
280000 290000
10000 images loaded in 162.08686248771846 s
10000 embeddings created in 62.42282624542713 s
290000 300000
10000 images loaded in 140.64861428923905 s
10000 embeddings created in 62.10975939780474 s
300000 310000
10000 images loaded in 157.97211754322052 s
10000 embeddings created in 60.132845502346754 s
310000 319583
9583 images loaded in 147.41434467956424 s
9583 embeddings created in 58.11807264573872 s
= Sun Jan 16 21:30:34 EST 2022 job bhl_embed_gpu done
+ Mon Jan 17 11:25:40 EST 2022 job bhl_embed_gpu started in lTgpu.q with jobID=2137121 on compute-79-02
+ NSLOTS = 1
Model loaded in 2.357019053772092 s
Took 135.04108473658562 s to load 319583 into a list
0 10000
10000 images loaded in 32.925977770239115 s
10000 embeddings created in 68.0635285358876 s
10000 20000
10000 images loaded in 31.136938707903028 s
10000 embeddings created in 62.9271772056818 s
20000 30000
10000 images loaded in 30.191904144361615 s
10000 embeddings created in 64.17303747683764 s
30000 40000
10000 images loaded in 31.4747732039541 s
10000 embeddings created in 62.829660495743155 s
40000 50000
10000 images loaded in 32.44928091391921 s
10000 embeddings created in 64.47224858775735 s
50000 60000
10000 images loaded in 30.640970887616277 s
10000 embeddings created in 63.14203080907464 s
60000 70000
10000 images loaded in 31.402874099090695 s
10000 embeddings created in 62.7203622944653 s
70000 80000
10000 images loaded in 29.91807589493692 s
10000 embeddings created in 64.29406654648483 s
80000 90000
10000 images loaded in 29.59292994812131 s
10000 embeddings created in 63.26630283892155 s
90000 100000
10000 images loaded in 29.54537768289447 s
10000 embeddings created in 63.04112874902785 s
100000 110000
10000 images loaded in 29.952078429982066 s
10000 embeddings created in 64.06517478264868 s
110000 120000
10000 images loaded in 29.91623591259122 s
10000 embeddings created in 64.69839440658689 s
120000 130000
10000 images loaded in 33.69422971457243 s
10000 embeddings created in 65.34759608097374 s
130000 140000
10000 images loaded in 33.897502828389406 s
10000 embeddings created in 65.0125394295901 s
140000 150000
10000 images loaded in 32.736821765080094 s
10000 embeddings created in 64.40364971384406 s
150000 160000
10000 images loaded in 34.70470752008259 s
10000 embeddings created in 63.17909071408212 s
160000 170000
10000 images loaded in 30.16065874695778 s
10000 embeddings created in 62.65330561622977 s
170000 180000
10000 images loaded in 30.246654553338885 s
10000 embeddings created in 62.36905632354319 s
180000 190000
10000 images loaded in 31.08828284405172 s
10000 embeddings created in 62.41600724123418 s
190000 200000
10000 images loaded in 29.42747643776238 s
10000 embeddings created in 62.40752235427499 s
200000 210000
10000 images loaded in 30.6729952134192 s
10000 embeddings created in 63.207963328808546 s
210000 220000
10000 images loaded in 29.512724921107292 s
10000 embeddings created in 62.30493845231831 s
220000 230000
10000 images loaded in 30.65617441572249 s
10000 embeddings created in 62.777167439460754 s
230000 240000
10000 images loaded in 30.952090142294765 s
10000 embeddings created in 62.71918673068285 s
240000 250000
10000 images loaded in 31.525275513529778 s
10000 embeddings created in 62.6769725009799 s
250000 260000
10000 images loaded in 30.698578022420406 s
10000 embeddings created in 63.35411250591278 s
260000 270000
10000 images loaded in 30.700713792815804 s
10000 embeddings created in 62.606647450476885 s
270000 280000
10000 images loaded in 31.92756816186011 s
10000 embeddings created in 63.91542241722345 s
280000 290000
10000 images loaded in 30.74727121181786 s
10000 embeddings created in 62.96060538478196 s
290000 300000
10000 images loaded in 30.52219718694687 s
10000 embeddings created in 62.73031569086015 s
300000 310000
10000 images loaded in 30.304822023957968 s
10000 embeddings created in 63.57188320159912 s
310000 319583
9583 images loaded in 29.804761957377195 s
9583 embeddings created in 61.08690971508622 s
= Mon Jan 17 12:18:31 EST 2022 job bhl_embed_gpu done
